0 info it worked if it ends with ok
1 verbose cli [ '/opt/node-v8.9.1-linux-x64/bin/node',
1 verbose cli   '/usr/bin/npm',
1 verbose cli   'start' ]
2 info using npm@3.10.10
3 info using node@v8.9.1
4 verbose run-script [ 'prestart', 'start', 'poststart' ]
5 info lifecycle sombrio-delivery-api@1.0.0~prestart: sombrio-delivery-api@1.0.0
6 silly lifecycle sombrio-delivery-api@1.0.0~prestart: no script for prestart, continuing
7 info lifecycle sombrio-delivery-api@1.0.0~start: sombrio-delivery-api@1.0.0
8 verbose lifecycle sombrio-delivery-api@1.0.0~start: unsafe-perm in lifecycle true
9 verbose lifecycle sombrio-delivery-api@1.0.0~start: PATH: /opt/node-v6.9.5-linux-x64/lib/node_modules/npm/bin/node-gyp-bin:/home/daniel/Projetos/sombrio-delivery-api/node_modules/.bin:/usr/local/sbin:/usr/local/bin:/usr/sbin:/usr/bin:/sbin:/bin:/usr/games:/usr/local/games:/snap/bin:/opt/node-v8.9.1-linux-x64/bin:/snap/bin
10 verbose lifecycle sombrio-delivery-api@1.0.0~start: CWD: /home/daniel/Projetos/sombrio-delivery-api
11 silly lifecycle sombrio-delivery-api@1.0.0~start: Args: [ '-c', 'node server.js' ]
12 silly lifecycle sombrio-delivery-api@1.0.0~start: Returned: code: 1  signal: null
13 info lifecycle sombrio-delivery-api@1.0.0~start: Failed to exec start script
14 verbose stack Error: sombrio-delivery-api@1.0.0 start: `node server.js`
14 verbose stack Exit status 1
14 verbose stack     at EventEmitter.<anonymous> (/opt/node-v6.9.5-linux-x64/lib/node_modules/npm/lib/utils/lifecycle.js:255:16)
14 verbose stack     at emitTwo (events.js:126:13)
14 verbose stack     at EventEmitter.emit (events.js:214:7)
14 verbose stack     at ChildProcess.<anonymous> (/opt/node-v6.9.5-linux-x64/lib/node_modules/npm/lib/utils/spawn.js:40:14)
14 verbose stack     at emitTwo (events.js:126:13)
14 verbose stack     at ChildProcess.emit (events.js:214:7)
14 verbose stack     at maybeClose (internal/child_process.js:925:16)
14 verbose stack     at Process.ChildProcess._handle.onexit (internal/child_process.js:209:5)
15 verbose pkgid sombrio-delivery-api@1.0.0
16 verbose cwd /home/daniel/Projetos/sombrio-delivery-api
17 error Linux 4.4.0-101-generic
18 error argv "/opt/node-v8.9.1-linux-x64/bin/node" "/usr/bin/npm" "start"
19 error node v8.9.1
20 error npm  v3.10.10
21 error code ELIFECYCLE
22 error sombrio-delivery-api@1.0.0 start: `node server.js`
22 error Exit status 1
23 error Failed at the sombrio-delivery-api@1.0.0 start script 'node server.js'.
23 error Make sure you have the latest version of node.js and npm installed.
23 error If you do, this is most likely a problem with the sombrio-delivery-api package,
23 error not with npm itself.
23 error Tell the author that this fails on your system:
23 error     node server.js
23 error You can get information on how to open an issue for this project with:
23 error     npm bugs sombrio-delivery-api
23 error Or if that isn't available, you can get their info via:
23 error     npm owner ls sombrio-delivery-api
23 error There is likely additional logging output above.
24 verbose exit [ 1, true ]
